Started GET "/" for 127.0.0.1 at 2021-06-03 14:27:22 +0000
  [1m[35m (10.5ms)[0m  [1m[34mSELECT sqlite_version(*)[0m
Processing by Rails::WelcomeController#index as HTML
  Rendering /usr/local/bundle/gems/railties-6.1.3.2/lib/rails/templates/rails/welcome/index.html.erb
  Rendered /usr/local/bundle/gems/railties-6.1.3.2/lib/rails/templates/rails/welcome/index.html.erb (Duration: 19.9ms | Allocations: 436)
Completed 200 OK in 167ms (Views: 74.1ms | ActiveRecord: 0.0ms | Allocations: 3565)


Started GET "/" for 127.0.0.1 at 2021-06-03 14:27:24 +0000
Processing by Rails::WelcomeController#index as HTML
  Rendering /usr/local/bundle/gems/railties-6.1.3.2/lib/rails/templates/rails/welcome/index.html.erb
  Rendered /usr/local/bundle/gems/railties-6.1.3.2/lib/rails/templates/rails/welcome/index.html.erb (Duration: 6.4ms | Allocations: 213)
Completed 200 OK in 12ms (Views: 10.0ms | ActiveRecord: 0.0ms | Allocations: 827)


  [1m[35m (1.3ms)[0m  [1m[34mSELECT sqlite_version(*)[0m
  [1m[35m (13.1ms)[0m  [1m[35mCREATE TABLE "schema_migrations" ("version" varchar NOT NULL PRIMARY KEY)[0m
  [1m[35m (21.5ms)[0m  [1m[35mCREATE TABLE "ar_internal_metadata" ("key" varchar NOT NULL PRIMARY KEY, "value" varchar, "created_at" datetime(6) NOT NULL, "updated_at" datetime(6) NOT NULL)[0m
  [1m[35m (1.9ms)[0m  [1m[34mSELECT "schema_migrations"."version" FROM "schema_migrations" ORDER BY "schema_migrations"."version" ASC[0m
Migrating to CreateContainerTypes (20210604190550)
  [1m[36mTRANSACTION (0.1ms)[0m  [1m[36mbegin transaction[0m
  [1m[35m (15.7ms)[0m  [1m[35mCREATE TABLE "container_types" ("id" integer PRIMARY KEY AUTOINCREMENT NOT NULL, "name" varchar, "description" text, "size" varchar, "created_at" datetime(6) NOT NULL, "updated_at" datetime(6) NOT NULL)[0m
  [1m[36mActiveRecord::SchemaMigration Create (7.7ms)[0m  [1m[32mINSERT INTO "schema_migrations" ("version") VALUES (?)[0m  [["version", "20210604190550"]]
  [1m[36mTRANSACTION (6.5ms)[0m  [1m[36mcommit transaction[0m
Migrating to CreateContainers (20210604190554)
  [1m[36mTRANSACTION (0.1ms)[0m  [1m[36mbegin transaction[0m
  [1m[35m (9.5ms)[0m  [1m[35mCREATE TABLE "containers" ("id" integer PRIMARY KEY AUTOINCREMENT NOT NULL, "quantity" text, "location" text, "container_type_id" integer NOT NULL, "created_at" datetime(6) NOT NULL, "updated_at" datetime(6) NOT NULL, CONSTRAINT "fk_rails_cf8f75f2f3"
FOREIGN KEY ("container_type_id")
  REFERENCES "container_types" ("id")
)[0m
  [1m[35m (0.3ms)[0m  [1m[35mCREATE INDEX "index_containers_on_container_type_id" ON "containers" ("container_type_id")[0m
  [1m[36mActiveRecord::SchemaMigration Create (6.8ms)[0m  [1m[32mINSERT INTO "schema_migrations" ("version") VALUES (?)[0m  [["version", "20210604190554"]]
  [1m[36mTRANSACTION (16.8ms)[0m  [1m[36mcommit transaction[0m
Migrating to CreateCollections (20210604190556)
  [1m[36mTRANSACTION (0.6ms)[0m  [1m[36mbegin transaction[0m
  [1m[35m (8.7ms)[0m  [1m[35mCREATE TABLE "collections" ("id" integer PRIMARY KEY AUTOINCREMENT NOT NULL, "created_at" datetime(6) NOT NULL, "updated_at" datetime(6) NOT NULL)[0m
  [1m[36mActiveRecord::SchemaMigration Create (12.4ms)[0m  [1m[32mINSERT INTO "schema_migrations" ("version") VALUES (?)[0m  [["version", "20210604190556"]]
  [1m[36mTRANSACTION (10.4ms)[0m  [1m[36mcommit transaction[0m
Migrating to CreateSampleTypes (20210604190559)
  [1m[36mTRANSACTION (0.1ms)[0m  [1m[36mbegin transaction[0m
  [1m[35m (26.0ms)[0m  [1m[35mCREATE TABLE "sample_types" ("id" integer PRIMARY KEY AUTOINCREMENT NOT NULL, "name" varchar, "description" text, "created_at" datetime(6) NOT NULL, "updated_at" datetime(6) NOT NULL)[0m
  [1m[36mActiveRecord::SchemaMigration Create (8.4ms)[0m  [1m[32mINSERT INTO "schema_migrations" ("version") VALUES (?)[0m  [["version", "20210604190559"]]
  [1m[36mTRANSACTION (8.3ms)[0m  [1m[36mcommit transaction[0m
Migrating to CreateSamples (20210604190601)
  [1m[36mTRANSACTION (0.1ms)[0m  [1m[36mbegin transaction[0m
  [1m[35m (10.8ms)[0m  [1m[35mCREATE TABLE "samples" ("id" integer PRIMARY KEY AUTOINCREMENT NOT NULL, "name" varchar, "description" text, "sample_type_id" integer NOT NULL, "created_at" datetime(6) NOT NULL, "updated_at" datetime(6) NOT NULL, CONSTRAINT "fk_rails_8e0800c2e2"
FOREIGN KEY ("sample_type_id")
  REFERENCES "sample_types" ("id")
)[0m
  [1m[35m (0.3ms)[0m  [1m[35mCREATE INDEX "index_samples_on_sample_type_id" ON "samples" ("sample_type_id")[0m
  [1m[36mActiveRecord::SchemaMigration Create (8.0ms)[0m  [1m[32mINSERT INTO "schema_migrations" ("version") VALUES (?)[0m  [["version", "20210604190601"]]
  [1m[36mTRANSACTION (17.1ms)[0m  [1m[36mcommit transaction[0m
Migrating to CreateSingleItems (20210604190604)
  [1m[36mTRANSACTION (0.1ms)[0m  [1m[36mbegin transaction[0m
  [1m[35m (9.1ms)[0m  [1m[35mCREATE TABLE "single_items" ("id" integer PRIMARY KEY AUTOINCREMENT NOT NULL, "sample_id" integer NOT NULL, "created_at" datetime(6) NOT NULL, "updated_at" datetime(6) NOT NULL, CONSTRAINT "fk_rails_452805e623"
FOREIGN KEY ("sample_id")
  REFERENCES "samples" ("id")
)[0m
  [1m[35m (0.3ms)[0m  [1m[35mCREATE INDEX "index_single_items_on_sample_id" ON "single_items" ("sample_id")[0m
  [1m[36mActiveRecord::SchemaMigration Create (15.4ms)[0m  [1m[32mINSERT INTO "schema_migrations" ("version") VALUES (?)[0m  [["version", "20210604190604"]]
  [1m[36mTRANSACTION (10.3ms)[0m  [1m[36mcommit transaction[0m
Migrating to CreateItems (20210604190606)
  [1m[36mTRANSACTION (0.3ms)[0m  [1m[36mbegin transaction[0m
  [1m[35m (9.2ms)[0m  [1m[35mCREATE TABLE "items" ("id" integer PRIMARY KEY AUTOINCREMENT NOT NULL, "format_id" integer, "format_class" varchar, "container_id" integer NOT NULL, "created_at" datetime(6) NOT NULL, "updated_at" datetime(6) NOT NULL, CONSTRAINT "fk_rails_9ab3f324f3"
FOREIGN KEY ("container_id")
  REFERENCES "containers" ("id")
)[0m
  [1m[35m (0.2ms)[0m  [1m[35mCREATE INDEX "index_items_on_container_id" ON "items" ("container_id")[0m
  [1m[36mActiveRecord::SchemaMigration Create (18.0ms)[0m  [1m[32mINSERT INTO "schema_migrations" ("version") VALUES (?)[0m  [["version", "20210604190606"]]
  [1m[36mTRANSACTION (10.1ms)[0m  [1m[36mcommit transaction[0m
Migrating to CreatePhysicalStateTypes (20210604190609)
  [1m[36mTRANSACTION (0.1ms)[0m  [1m[36mbegin transaction[0m
  [1m[35m (9.6ms)[0m  [1m[35mCREATE TABLE "physical_state_types" ("id" integer PRIMARY KEY AUTOINCREMENT NOT NULL, "name" varchar, "created_at" datetime(6) NOT NULL, "updated_at" datetime(6) NOT NULL)[0m
  [1m[36mActiveRecord::SchemaMigration Create (14.3ms)[0m  [1m[32mINSERT INTO "schema_migrations" ("version") VALUES (?)[0m  [["version", "20210604190609"]]
  [1m[36mTRANSACTION (8.9ms)[0m  [1m[36mcommit transaction[0m
Migrating to CreateSingleItemTypes (20210604190612)
  [1m[36mTRANSACTION (0.1ms)[0m  [1m[36mbegin transaction[0m
  [1m[35m (10.1ms)[0m  [1m[35mCREATE TABLE "single_item_types" ("id" integer PRIMARY KEY AUTOINCREMENT NOT NULL, "physical_state_type_id" integer NOT NULL, "sample_type_id" integer NOT NULL, "created_at" datetime(6) NOT NULL, "updated_at" datetime(6) NOT NULL, CONSTRAINT "fk_rails_a69a560d5c"
FOREIGN KEY ("physical_state_type_id")
  REFERENCES "physical_state_types" ("id")
, CONSTRAINT "fk_rails_13f11df542"
FOREIGN KEY ("sample_type_id")
  REFERENCES "sample_types" ("id")
)[0m
  [1m[35m (0.3ms)[0m  [1m[35mCREATE INDEX "index_single_item_types_on_physical_state_type_id" ON "single_item_types" ("physical_state_type_id")[0m
  [1m[35m (0.2ms)[0m  [1m[35mCREATE INDEX "index_single_item_types_on_sample_type_id" ON "single_item_types" ("sample_type_id")[0m
  [1m[36mActiveRecord::SchemaMigration Create (13.8ms)[0m  [1m[32mINSERT INTO "schema_migrations" ("version") VALUES (?)[0m  [["version", "20210604190612"]]
  [1m[36mTRANSACTION (12.7ms)[0m  [1m[36mcommit transaction[0m
Migrating to CreateCollectionTypes (20210604190614)
  [1m[36mTRANSACTION (0.1ms)[0m  [1m[36mbegin transaction[0m
  [1m[35m (13.6ms)[0m  [1m[35mCREATE TABLE "collection_types" ("id" integer PRIMARY KEY AUTOINCREMENT NOT NULL, "name" varchar, "description" text, "created_at" datetime(6) NOT NULL, "updated_at" datetime(6) NOT NULL)[0m
  [1m[36mActiveRecord::SchemaMigration Create (14.3ms)[0m  [1m[32mINSERT INTO "schema_migrations" ("version") VALUES (?)[0m  [["version", "20210604190614"]]
  [1m[36mTRANSACTION (9.4ms)[0m  [1m[36mcommit transaction[0m
Migrating to CreateItemTypes (20210604190617)
  [1m[36mTRANSACTION (0.1ms)[0m  [1m[36mbegin transaction[0m
  [1m[35m (14.5ms)[0m  [1m[35mCREATE TABLE "item_types" ("id" integer PRIMARY KEY AUTOINCREMENT NOT NULL, "format_type_id" integer, "format_type_class" varchar, "container_type_id" integer NOT NULL, "created_at" datetime(6) NOT NULL, "updated_at" datetime(6) NOT NULL, CONSTRAINT "fk_rails_dcbde1e015"
FOREIGN KEY ("container_type_id")
  REFERENCES "container_types" ("id")
)[0m
  [1m[35m (0.2ms)[0m  [1m[35mCREATE INDEX "index_item_types_on_container_type_id" ON "item_types" ("container_type_id")[0m
  [1m[36mActiveRecord::SchemaMigration Create (18.2ms)[0m  [1m[32mINSERT INTO "schema_migrations" ("version") VALUES (?)[0m  [["version", "20210604190617"]]
  [1m[36mTRANSACTION (12.2ms)[0m  [1m[36mcommit transaction[0m
Migrating to CreateSampleCompositionTypes (20210604190620)
  [1m[36mTRANSACTION (0.1ms)[0m  [1m[36mbegin transaction[0m
  [1m[35m (11.9ms)[0m  [1m[35mCREATE TABLE "sample_composition_types" ("id" integer PRIMARY KEY AUTOINCREMENT NOT NULL, "name" varchar, "description" text, "recipe" text, "created_at" datetime(6) NOT NULL, "updated_at" datetime(6) NOT NULL)[0m
  [1m[36mActiveRecord::SchemaMigration Create (15.9ms)[0m  [1m[32mINSERT INTO "schema_migrations" ("version") VALUES (?)[0m  [["version", "20210604190620"]]
  [1m[36mTRANSACTION (8.4ms)[0m  [1m[36mcommit transaction[0m
Migrating to CreateSampleCompositions (20210604190623)
  [1m[36mTRANSACTION (0.1ms)[0m  [1m[36mbegin transaction[0m
  [1m[35m (19.9ms)[0m  [1m[35mCREATE TABLE "sample_compositions" ("id" integer PRIMARY KEY AUTOINCREMENT NOT NULL, "quantity" text, "composite_sample_id" integer, "component_sample_id" integer, "sample_composition_type_id" integer NOT NULL, "created_at" datetime(6) NOT NULL, "updated_at" datetime(6) NOT NULL, CONSTRAINT "fk_rails_10fad64d3e"
FOREIGN KEY ("sample_composition_type_id")
  REFERENCES "sample_composition_types" ("id")
)[0m
  [1m[35m (0.3ms)[0m  [1m[35mCREATE INDEX "index_sample_compositions_on_sample_composition_type_id" ON "sample_compositions" ("sample_composition_type_id")[0m
  [1m[36mActiveRecord::SchemaMigration Create (8.2ms)[0m  [1m[32mINSERT INTO "schema_migrations" ("version") VALUES (?)[0m  [["version", "20210604190623"]]
  [1m[36mTRANSACTION (18.1ms)[0m  [1m[36mcommit transaction[0m
Migrating to CreatePhysicalStates (20210604190626)
  [1m[36mTRANSACTION (0.1ms)[0m  [1m[36mbegin transaction[0m
  [1m[35m (17.5ms)[0m  [1m[35mCREATE TABLE "physical_states" ("id" integer PRIMARY KEY AUTOINCREMENT NOT NULL, "name" varchar, "description" text, "physical_state_type_id" integer NOT NULL, "created_at" datetime(6) NOT NULL, "updated_at" datetime(6) NOT NULL, CONSTRAINT "fk_rails_c788da4f16"
FOREIGN KEY ("physical_state_type_id")
  REFERENCES "physical_state_types" ("id")
)[0m
  [1m[35m (0.2ms)[0m  [1m[35mCREATE INDEX "index_physical_states_on_physical_state_type_id" ON "physical_states" ("physical_state_type_id")[0m
  [1m[36mActiveRecord::SchemaMigration Create (14.9ms)[0m  [1m[32mINSERT INTO "schema_migrations" ("version") VALUES (?)[0m  [["version", "20210604190626"]]
  [1m[36mTRANSACTION (13.8ms)[0m  [1m[36mcommit transaction[0m
Migrating to CreateCollectionItems (20210604190628)
  [1m[36mTRANSACTION (0.1ms)[0m  [1m[36mbegin transaction[0m
  [1m[35m (13.5ms)[0m  [1m[35mCREATE TABLE "collection_items" ("id" integer PRIMARY KEY AUTOINCREMENT NOT NULL, "row" integer, "column" integer, "collection_id" integer NOT NULL, "single_item_id" integer NOT NULL, "created_at" datetime(6) NOT NULL, "updated_at" datetime(6) NOT NULL, CONSTRAINT "fk_rails_b1a778644b"
FOREIGN KEY ("collection_id")
  REFERENCES "collections" ("id")
, CONSTRAINT "fk_rails_8cab746605"
FOREIGN KEY ("single_item_id")
  REFERENCES "single_items" ("id")
)[0m
  [1m[35m (0.2ms)[0m  [1m[35mCREATE INDEX "index_collection_items_on_collection_id" ON "collection_items" ("collection_id")[0m
  [1m[35m (0.4ms)[0m  [1m[35mCREATE INDEX "index_collection_items_on_single_item_id" ON "collection_items" ("single_item_id")[0m
  [1m[36mActiveRecord::SchemaMigration Create (8.0ms)[0m  [1m[32mINSERT INTO "schema_migrations" ("version") VALUES (?)[0m  [["version", "20210604190628"]]
  [1m[36mTRANSACTION (20.7ms)[0m  [1m[36mcommit transaction[0m
Migrating to CreateSingleItemsPhysicalStates (20210604190631)
  [1m[36mTRANSACTION (0.1ms)[0m  [1m[36mbegin transaction[0m
  [1m[35m (27.7ms)[0m  [1m[35mCREATE TABLE "single_items_physical_states" ("id" integer PRIMARY KEY AUTOINCREMENT NOT NULL, "item_id" integer NOT NULL, "physical_state_id" integer NOT NULL, "created_at" datetime(6) NOT NULL, "updated_at" datetime(6) NOT NULL, CONSTRAINT "fk_rails_5b67b8750f"
FOREIGN KEY ("item_id")
  REFERENCES "items" ("id")
, CONSTRAINT "fk_rails_f7318ab51f"
FOREIGN KEY ("physical_state_id")
  REFERENCES "physical_states" ("id")
)[0m
  [1m[35m (0.2ms)[0m  [1m[35mCREATE INDEX "index_single_items_physical_states_on_item_id" ON "single_items_physical_states" ("item_id")[0m
  [1m[35m (0.2ms)[0m  [1m[35mCREATE INDEX "index_single_items_physical_states_on_physical_state_id" ON "single_items_physical_states" ("physical_state_id")[0m
  [1m[36mActiveRecord::SchemaMigration Create (11.4ms)[0m  [1m[32mINSERT INTO "schema_migrations" ("version") VALUES (?)[0m  [["version", "20210604190631"]]
  [1m[36mTRANSACTION (21.8ms)[0m  [1m[36mcommit transaction[0m
  [1m[36mActiveRecord::InternalMetadata Load (1.7ms)[0m  [1m[34mSELECT "ar_internal_metadata".* FROM "ar_internal_metadata" WHERE "ar_internal_metadata"."key" = ? LIMIT ?[0m  [["key", "environment"], ["LIMIT", 1]]
  [1m[36mTRANSACTION (0.1ms)[0m  [1m[36mbegin transaction[0m
  [1m[36mActiveRecord::InternalMetadata Create (11.6ms)[0m  [1m[32mINSERT INTO "ar_internal_metadata" ("key", "value", "created_at", "updated_at") VALUES (?, ?, ?, ?)[0m  [["key", "environment"], ["value", "development"], ["created_at", "2021-06-04 19:08:06.912117"], ["updated_at", "2021-06-04 19:08:06.912117"]]
  [1m[36mTRANSACTION (13.1ms)[0m  [1m[36mcommit transaction[0m
  [1m[35m (0.1ms)[0m  [1m[34mSELECT sqlite_version(*)[0m
  [1m[35m (2.1ms)[0m  [1m[34mSELECT "schema_migrations"."version" FROM "schema_migrations" ORDER BY "schema_migrations"."version" ASC[0m
Started GET "/" for 127.0.0.1 at 2021-06-04 19:08:25 +0000
  
LoadError (cannot load such file -- /workspaces/inventory-app/test-project/config/routes.rb):
  
bootsnap (1.7.5) lib/bootsnap/load_path_cache/core_ext/kernel_require.rb:59:in `load'
bootsnap (1.7.5) lib/bootsnap/load_path_cache/core_ext/kernel_require.rb:59:in `load'
railties (6.1.3.2) lib/rails/application/routes_reloader.rb:47:in `block in load_paths'
railties (6.1.3.2) lib/rails/application/routes_reloader.rb:47:in `each'
railties (6.1.3.2) lib/rails/application/routes_reloader.rb:47:in `load_paths'
railties (6.1.3.2) lib/rails/application/routes_reloader.rb:21:in `reload!'
railties (6.1.3.2) lib/rails/application/routes_reloader.rb:35:in `block in updater'
activesupport (6.1.3.2) lib/active_support/file_update_checker.rb:83:in `execute'
railties (6.1.3.2) lib/rails/application/routes_reloader.rb:10:in `execute'
railties (6.1.3.2) lib/rails/application/finisher.rb:208:in `block (2 levels) in <module:Finisher>'
activesupport (6.1.3.2) lib/active_support/callbacks.rb:427:in `instance_exec'
activesupport (6.1.3.2) lib/active_support/callbacks.rb:427:in `block in make_lambda'
activesupport (6.1.3.2) lib/active_support/callbacks.rb:198:in `block (2 levels) in halting'
activesupport (6.1.3.2) lib/active_support/callbacks.rb:604:in `block (2 levels) in default_terminator'
activesupport (6.1.3.2) lib/active_support/callbacks.rb:603:in `catch'
activesupport (6.1.3.2) lib/active_support/callbacks.rb:603:in `block in default_terminator'
activesupport (6.1.3.2) lib/active_support/callbacks.rb:199:in `block in halting'
activesupport (6.1.3.2) lib/active_support/callbacks.rb:512:in `block in invoke_before'
activesupport (6.1.3.2) lib/active_support/callbacks.rb:512:in `each'
activesupport (6.1.3.2) lib/active_support/callbacks.rb:512:in `invoke_before'
activesupport (6.1.3.2) lib/active_support/callbacks.rb:105:in `run_callbacks'
activesupport (6.1.3.2) lib/active_support/execution_wrapper.rb:111:in `run!'
activesupport (6.1.3.2) lib/active_support/reloader.rb:114:in `run!'
activesupport (6.1.3.2) lib/active_support/execution_wrapper.rb:73:in `block in run!'
activesupport (6.1.3.2) lib/active_support/execution_wrapper.rb:70:in `tap'
activesupport (6.1.3.2) lib/active_support/execution_wrapper.rb:70:in `run!'
activesupport (6.1.3.2) lib/active_support/reloader.rb:63:in `run!'
actionpack (6.1.3.2) lib/action_dispatch/middleware/executor.rb:12:in `call'
actionpack (6.1.3.2) lib/action_dispatch/middleware/actionable_exceptions.rb:18:in `call'
actionpack (6.1.3.2) lib/action_dispatch/middleware/debug_exceptions.rb:29:in `call'
web-console (4.1.0) lib/web_console/middleware.rb:132:in `call_app'
web-console (4.1.0) lib/web_console/middleware.rb:28:in `block in call'
web-console (4.1.0) lib/web_console/middleware.rb:17:in `catch'
web-console (4.1.0) lib/web_console/middleware.rb:17:in `call'
actionpack (6.1.3.2) lib/action_dispatch/middleware/show_exceptions.rb:33:in `call'
railties (6.1.3.2) lib/rails/rack/logger.rb:37:in `call_app'
railties (6.1.3.2) lib/rails/rack/logger.rb:26:in `block in call'
activesupport (6.1.3.2) lib/active_support/tagged_logging.rb:99:in `block in tagged'
activesupport (6.1.3.2) lib/active_support/tagged_logging.rb:37:in `tagged'
activesupport (6.1.3.2) lib/active_support/tagged_logging.rb:99:in `tagged'
railties (6.1.3.2) lib/rails/rack/logger.rb:26:in `call'
sprockets-rails (3.2.2) lib/sprockets/rails/quiet_assets.rb:13:in `call'
actionpack (6.1.3.2) lib/action_dispatch/middleware/remote_ip.rb:81:in `call'
actionpack (6.1.3.2) lib/action_dispatch/middleware/request_id.rb:26:in `call'
rack (2.2.3) lib/rack/method_override.rb:24:in `call'
rack (2.2.3) lib/rack/runtime.rb:22:in `call'
activesupport (6.1.3.2) lib/active_support/cache/strategy/local_cache_middleware.rb:29:in `call'
actionpack (6.1.3.2) lib/action_dispatch/middleware/executor.rb:14:in `call'
actionpack (6.1.3.2) lib/action_dispatch/middleware/static.rb:24:in `call'
rack (2.2.3) lib/rack/sendfile.rb:110:in `call'
actionpack (6.1.3.2) lib/action_dispatch/middleware/host_authorization.rb:98:in `call'
rack-mini-profiler (2.3.2) lib/mini_profiler/profiler.rb:384:in `call'
webpacker (5.4.0) lib/webpacker/dev_server_proxy.rb:25:in `perform_request'
rack-proxy (0.7.0) lib/rack/proxy.rb:63:in `call'
railties (6.1.3.2) lib/rails/engine.rb:539:in `call'
puma (5.3.2) lib/puma/configuration.rb:249:in `call'
puma (5.3.2) lib/puma/request.rb:77:in `block in handle_request'
puma (5.3.2) lib/puma/thread_pool.rb:338:in `with_force_shutdown'
puma (5.3.2) lib/puma/request.rb:76:in `handle_request'
puma (5.3.2) lib/puma/server.rb:438:in `process_client'
puma (5.3.2) lib/puma/thread_pool.rb:145:in `block in spawn_thread'
MiniProfiler storage failure: No such file or directory @ rb_sysopen - /workspaces/inventory-app/test-project/tmp/miniprofiler/mp_timers_c213znnxnj4331s0aumd
Started GET "/favicon.ico" for 127.0.0.1 at 2021-06-04 19:08:25 +0000
  
ActionController::RoutingError (No route matches [GET] "/favicon.ico"):
  
MiniProfiler storage failure: No such file or directory @ rb_sysopen - /workspaces/inventory-app/test-project/tmp/miniprofiler/mp_timers_vise5ys10klvzlmx3gip
Started GET "/" for 127.0.0.1 at 2021-06-04 19:11:01 +0000
  [1m[35m (1.0ms)[0m  [1m[34mSELECT sqlite_version(*)[0m
  [1m[35m (1.7ms)[0m  [1m[34mSELECT "schema_migrations"."version" FROM "schema_migrations" ORDER BY "schema_migrations"."version" ASC[0m
Processing by Rails::WelcomeController#index as HTML
  Rendering /usr/local/bundle/gems/railties-6.1.3.2/lib/rails/templates/rails/welcome/index.html.erb
  Rendered /usr/local/bundle/gems/railties-6.1.3.2/lib/rails/templates/rails/welcome/index.html.erb (Duration: 9.6ms | Allocations: 330)
Completed 200 OK in 36ms (Views: 18.5ms | ActiveRecord: 0.0ms | Allocations: 2794)


Started GET "/" for 127.0.0.1 at 2021-06-04 19:11:06 +0000
Processing by Rails::WelcomeController#index as HTML
  Rendering /usr/local/bundle/gems/railties-6.1.3.2/lib/rails/templates/rails/welcome/index.html.erb
  Rendered /usr/local/bundle/gems/railties-6.1.3.2/lib/rails/templates/rails/welcome/index.html.erb (Duration: 6.3ms | Allocations: 426)
Completed 200 OK in 13ms (Views: 9.9ms | ActiveRecord: 0.0ms | Allocations: 5200)


Started GET "/items" for 127.0.0.1 at 2021-06-04 19:11:15 +0000
Processing by ItemsController#index as HTML
  Rendering layout layouts/application.html.erb
  Rendering items/index.html.erb within layouts/application
  [1m[36mItem Load (1.7ms)[0m  [1m[34mSELECT "items".* FROM "items"[0m
  ↳ app/views/items/index.html.erb:16
  Rendered items/index.html.erb within layouts/application (Duration: 8.9ms | Allocations: 1035)
[Webpacker] Compiling...
[Webpacker] Compiled all packs in /workspaces/inventory-app/inventory/public/packs
[Webpacker] Though the "loose" option was set to "false" in your @babel/preset-env config, it will not be used for @babel/plugin-proposal-private-methods since the "loose" mode option was set to "true" for @babel/plugin-proposal-class-properties.
The "loose" option must be the same for @babel/plugin-proposal-class-properties, @babel/plugin-proposal-private-methods and @babel/plugin-proposal-private-property-in-object (when they are enabled): you can silence this warning by explicitly adding
	["@babel/plugin-proposal-private-methods", { "loose": true }]
to the "plugins" section of your Babel config.
Though the "loose" option was set to "false" in your @babel/preset-env config, it will not be used for @babel/plugin-proposal-private-methods since the "loose" mode option was set to "true" for @babel/plugin-proposal-class-properties.
The "loose" option must be the same for @babel/plugin-proposal-class-properties, @babel/plugin-proposal-private-methods and @babel/plugin-proposal-private-property-in-object (when they are enabled): you can silence this warning by explicitly adding
	["@babel/plugin-proposal-private-methods", { "loose": true }]
to the "plugins" section of your Babel config.
Though the "loose" option was set to "false" in your @babel/preset-env config, it will not be used for @babel/plugin-proposal-private-methods since the "loose" mode option was set to "true" for @babel/plugin-proposal-class-properties.
The "loose" option must be the same for @babel/plugin-proposal-class-properties, @babel/plugin-proposal-private-methods and @babel/plugin-proposal-private-property-in-object (when they are enabled): you can silence this warning by explicitly adding
	["@babel/plugin-proposal-private-methods", { "loose": true }]
to the "plugins" section of your Babel config.
Though the "loose" option was set to "false" in your @babel/preset-env config, it will not be used for @babel/plugin-proposal-private-methods since the "loose" mode option was set to "true" for @babel/plugin-proposal-class-properties.
The "loose" option must be the same for @babel/plugin-proposal-class-properties, @babel/plugin-proposal-private-methods and @babel/plugin-proposal-private-property-in-object (when they are enabled): you can silence this warning by explicitly adding
	["@babel/plugin-proposal-private-methods", { "loose": true }]
to the "plugins" section of your Babel config.
Though the "loose" option was set to "false" in your @babel/preset-env config, it will not be used for @babel/plugin-proposal-private-methods since the "loose" mode option was set to "true" for @babel/plugin-proposal-class-properties.
The "loose" option must be the same for @babel/plugin-proposal-class-properties, @babel/plugin-proposal-private-methods and @babel/plugin-proposal-private-property-in-object (when they are enabled): you can silence this warning by explicitly adding
	["@babel/plugin-proposal-private-methods", { "loose": true }]
to the "plugins" section of your Babel config.
Though the "loose" option was set to "false" in your @babel/preset-env config, it will not be used for @babel/plugin-proposal-private-methods since the "loose" mode option was set to "true" for @babel/plugin-proposal-class-properties.
The "loose" option must be the same for @babel/plugin-proposal-class-properties, @babel/plugin-proposal-private-methods and @babel/plugin-proposal-private-property-in-object (when they are enabled): you can silence this warning by explicitly adding
	["@babel/plugin-proposal-private-methods", { "loose": true }]
to the "plugins" section of your Babel config.

[Webpacker] Hash: e332c6419728fac579d5
Version: webpack 4.46.0
Time: 5361ms
Built at: 06/04/2021 7:11:27 PM
                                     Asset       Size       Chunks                         Chunk Names
    js/application-f826770d917d8a37c1d8.js    125 KiB  application  [emitted] [immutable]  application
js/application-f826770d917d8a37c1d8.js.map    139 KiB  application  [emitted] [dev]        application
                             manifest.json  364 bytes               [emitted]              
Entrypoint application = js/application-f826770d917d8a37c1d8.js js/application-f826770d917d8a37c1d8.js.map
[./app/javascript/channels sync recursive _channel\.js$] ./app/javascript/channels sync _channel\.js$ 160 bytes {application} [built]
[./app/javascript/channels/index.js] 211 bytes {application} [built]
[./app/javascript/packs/application.js] 492 bytes {application} [built]
[./node_modules/webpack/buildin/module.js] (webpack)/buildin/module.js 552 bytes {application} [built]
    + 3 hidden modules

  Rendered layout layouts/application.html.erb (Duration: 12299.5ms | Allocations: 67132)
Completed 200 OK in 12360ms (Views: 12310.0ms | ActiveRecord: 1.7ms | Allocations: 69704)


Started GET "/samples" for 127.0.0.1 at 2021-06-04 19:12:01 +0000
Processing by SamplesController#index as HTML
  Rendering layout layouts/application.html.erb
  Rendering samples/index.html.erb within layouts/application
  [1m[36mSample Load (2.2ms)[0m  [1m[34mSELECT "samples".* FROM "samples"[0m
  ↳ app/views/samples/index.html.erb:16
  Rendered samples/index.html.erb within layouts/application (Duration: 15.0ms | Allocations: 989)
[Webpacker] Everything's up-to-date. Nothing to do
  Rendered layout layouts/application.html.erb (Duration: 71.3ms | Allocations: 5279)
Completed 200 OK in 104ms (Views: 79.0ms | ActiveRecord: 2.2ms | Allocations: 6595)


Started GET "/items" for 127.0.0.1 at 2021-06-04 19:12:05 +0000
Processing by ItemsController#index as HTML
  Rendering layout layouts/application.html.erb
  Rendering items/index.html.erb within layouts/application
  [1m[36mItem Load (3.0ms)[0m  [1m[34mSELECT "items".* FROM "items"[0m
  ↳ app/views/items/index.html.erb:16
  Rendered items/index.html.erb within layouts/application (Duration: 11.3ms | Allocations: 706)
[Webpacker] Everything's up-to-date. Nothing to do
  Rendered layout layouts/application.html.erb (Duration: 57.7ms | Allocations: 5010)
Completed 200 OK in 64ms (Views: 59.0ms | ActiveRecord: 3.0ms | Allocations: 5402)


